<?xml version="1.0" encoding="UTF-8"?>
<!-- Generated by org.testng.reporters.JUnitReportReporter -->
<testsuite hostname="PMLDVBALAJID" failures="0" tests="6" name="com.testng.exaples.TestExample2" time="0.015" errors="0" timestamp="2024-05-16T19:53:35 IST" skipped="2">
  <testcase classname="com.testng.exaples.TestExample2" name="testTruck" time="0.001"/>
  <testcase classname="com.testng.exaples.TestExample2" name="testCar" time="0.008"/>
  <testcase classname="com.testng.exaples.TestExample2" name="testTruck" time="0.001"/>
  <testcase classname="com.testng.exaples.TestExample2" name="testCar" time="0.005"/>
  <testcase classname="com.testng.exaples.TestExample2" name="testBus">
    <skipped/>
  </testcase> <!-- testBus -->
  <testcase classname="com.testng.exaples.TestExample2" name="testBus">
    <skipped/>
  </testcase> <!-- testBus -->
</testsuite> <!-- com.testng.exaples.TestExample2 -->
