<?xml version="1.0" encoding="UTF-8"?>
<!-- Generated by org.testng.reporters.JUnitReportReporter -->
<testsuite hostname="PMLDVBALAJID" failures="0" tests="1" name="com.chrome.options.TestChromeOptions" time="2.927" errors="0" timestamp="2024-04-13T16:58:51 IST" skipped="0">
  <testcase classname="com.chrome.options.TestChromeOptions" name="test_options" time="2.927"/>
</testsuite> <!-- com.chrome.options.TestChromeOptions -->
