<?xml version="1.0" encoding="UTF-8"?>
<!-- Generated by org.testng.reporters.JUnitReportReporter -->
<testsuite hostname="PMLDVBALAJID" failures="0" tests="3" name="com.dataproviders.DataTest" time="0.007" errors="0" timestamp="2024-05-16T23:20:36 IST" skipped="0">
  <testcase classname="com.dataproviders.DataTest" name="test" time="0.005"/>
  <testcase classname="com.dataproviders.DataTest" name="test" time="0.001"/>
  <testcase classname="com.dataproviders.DataTest" name="test" time="0.001"/>
</testsuite> <!-- com.dataproviders.DataTest -->
