<?xml version="1.0" encoding="UTF-8"?>
<!-- Generated by org.testng.reporters.JUnitReportReporter -->
<testsuite hostname="PMLDVBALAJID" failures="0" tests="1" name="com.frame.exaple.TestFrame" time="3.103" errors="0" timestamp="2024-05-16T15:55:07 IST" skipped="0">
  <testcase classname="com.frame.exaple.TestFrame" name="test_frame" time="3.103"/>
</testsuite> <!-- com.frame.exaple.TestFrame -->
