<?xml version="1.0" encoding="UTF-8"?>
<!-- Generated by org.testng.reporters.JUnitReportReporter -->
<testsuite hostname="PMLDVBALAJID" failures="0" tests="1" name="com.groups.TestGroups" time="0.007" errors="0" timestamp="2024-05-16T13:51:44 IST" skipped="0">
  <testcase classname="com.groups.TestGroups" name="shreeTest" time="0.007"/>
</testsuite> <!-- com.groups.TestGroups -->
