<?xml version="1.0" encoding="UTF-8"?>
<!-- Generated by org.testng.reporters.JUnitReportReporter -->
<testsuite hostname="PMLDVBALAJID" failures="0" tests="1" name="com.listeners.pract.TestListeners" time="0.009" errors="0" timestamp="2024-04-14T09:51:56 IST" skipped="0">
  <testcase classname="com.listeners.pract.TestListeners" name="testShree" time="0.009"/>
</testsuite> <!-- com.listeners.pract.TestListeners -->
