<?xml version="1.0" encoding="UTF-8"?>
<!-- Generated by org.testng.reporters.JUnitReportReporter -->
<testsuite hostname="PMLDVBALAJID" failures="0" tests="1" name="com.cart.operatio.CartTest" time="8.177" errors="0" timestamp="2024-04-13T16:58:51 IST" skipped="0">
  <testcase classname="com.cart.operatio.CartTest" name="addItemsTest" time="8.177"/>
</testsuite> <!-- com.cart.operatio.CartTest -->
