<?xml version="1.0" encoding="UTF-8"?>
<!-- Generated by org.testng.reporters.JUnitReportReporter -->
<testsuite hostname="PMLDVBALAJID" failures="0" tests="4" name="com.priority.TestPrio" time="0.015" errors="0" timestamp="2024-05-16T17:12:21 IST" skipped="0">
  <testcase classname="com.priority.TestPrio" name="shree1" time="0.012"/>
  <testcase classname="com.priority.TestPrio" name="shree2" time="0.001"/>
  <testcase classname="com.priority.TestPrio" name="shree4" time="0.001"/>
  <testcase classname="com.priority.TestPrio" name="shree3" time="0.001"/>
</testsuite> <!-- com.priority.TestPrio -->
