<?xml version="1.0" encoding="UTF-8"?>
<!-- Generated by org.testng.reporters.JUnitReportReporter -->
<testsuite hostname="DESKTOP-JUC4I42" failures="0" tests="1" name="com.action.practice.TestAction" time="56.940" errors="0" timestamp="2024-05-30T17:30:37 PDT" skipped="0">
  <testcase classname="com.action.practice.TestAction" name="mouseHoverTest" time="56.940"/>
</testsuite> <!-- com.action.practice.TestAction -->
