<?xml version="1.0" encoding="UTF-8"?>
<!-- Generated by org.testng.reporters.JUnitReportReporter -->
<testsuite hostname="PMLDVBALAJID" failures="0" tests="1" name="com.brokenlink.TestBrokenLink" time="4.337" errors="0" timestamp="2024-05-16T19:32:46 IST" skipped="0">
  <testcase classname="com.brokenlink.TestBrokenLink" name="test_brokenLink" time="4.337"/>
</testsuite> <!-- com.brokenlink.TestBrokenLink -->
