<?xml version="1.0" encoding="UTF-8"?>
<!-- Generated by org.testng.reporters.JUnitReportReporter -->
<testsuite hostname="PMLDVBALAJID" failures="0" tests="3" name="com.dataproviders.DataProviderTest" time="0.006" errors="0" timestamp="2024-05-16T15:52:54 IST" skipped="0">
  <testcase classname="com.dataproviders.DataProviderTest" name="testDtaProvider" time="0.004"/>
  <testcase classname="com.dataproviders.DataProviderTest" name="testDtaProvider" time="0.001"/>
  <testcase classname="com.dataproviders.DataProviderTest" name="testDtaProvider" time="0.001"/>
</testsuite> <!-- com.dataproviders.DataProviderTest -->
