<?xml version="1.0" encoding="UTF-8"?>
<!-- Generated by org.testng.reporters.JUnitReportReporter -->
<testsuite hostname="PMLDVBALAJID" failures="0" tests="1" name="com.action.practice.TestAction" time="4.580" errors="0" timestamp="2024-05-17T13:49:53 IST" skipped="0">
  <testcase classname="com.action.practice.TestAction" name="send_Capital_Letters" time="4.580"/>
</testsuite> <!-- com.action.practice.TestAction -->
