<?xml version="1.0" encoding="UTF-8"?>
<!-- Generated by org.testng.reporters.JUnitReportReporter -->
<testsuite hostname="PMLDVBALAJID" failures="0" tests="1" name="com.beforeAfterGroup.TestBeforeAfterGrou" time="0.004" errors="0" timestamp="2024-05-16T18:33:23 IST" skipped="0">
  <testcase classname="com.beforeAfterGroup.TestBeforeAfterGrou" name="regression" time="0.004"/>
</testsuite> <!-- com.beforeAfterGroup.TestBeforeAfterGrou -->
