<?xml version="1.0" encoding="UTF-8"?>
<!-- Generated by org.testng.reporters.JUnitReportReporter -->
<testsuite hostname="DESKTOP-JUC4I42" failures="0" tests="1" name="com.buttoncaption.TestCaptionChange" time="0.007" errors="0" timestamp="2024-05-29T12:30:08 PDT" skipped="0">
  <testcase classname="com.buttoncaption.TestCaptionChange" name="testDuplicateKey" time="0.007"/>
</testsuite> <!-- com.buttoncaption.TestCaptionChange -->
