<?xml version="1.0" encoding="UTF-8"?>
<!-- Generated by org.testng.reporters.JUnitReportReporter -->
<testsuite hostname="DESKTOP-JUC4I42" failures="0" tests="1" name="WebTableHandling" time="2.576" errors="0" timestamp="2024-05-28T21:08:25 PDT" skipped="0">
  <testcase classname="WebTableHandling" name="testWebTable" time="2.576"/>
</testsuite> <!-- WebTableHandling -->
