<?xml version="1.0" encoding="UTF-8"?>
<!-- Generated by org.testng.reporters.JUnitReportReporter -->
<testsuite hostname="DESKTOP-JUC4I42" failures="0" tests="1" name="com.webTable.WebTableHandling" time="3.855" errors="0" timestamp="2024-05-28T21:11:42 PDT" skipped="0">
  <testcase classname="com.webTable.WebTableHandling" name="testWebTable" time="3.855"/>
</testsuite> <!-- com.webTable.WebTableHandling -->
