<?xml version="1.0" encoding="UTF-8"?>
<!-- Generated by org.testng.reporters.JUnitReportReporter -->
<testsuite hostname="PMLDVBALAJID" failures="0" tests="1" name="com.alert.DemoAlert" time="13.025" errors="0" timestamp="2024-05-17T14:14:51 IST" skipped="0">
  <testcase classname="com.alert.DemoAlert" name="testAlert" time="13.025"/>
</testsuite> <!-- com.alert.DemoAlert -->
