<?xml version="1.0" encoding="UTF-8"?>
<!-- Generated by org.testng.reporters.JUnitReportReporter -->
<testsuite hostname="DESKTOP-JUC4I42" failures="0" tests="1" name="com.udmey.project.practise.DropDowns" time="3.806" errors="0" timestamp="2024-05-29T12:34:13 PDT" skipped="0">
  <testcase classname="com.udmey.project.practise.DropDowns" name="droupDownTest" time="3.806"/>
</testsuite> <!-- com.udmey.project.practise.DropDowns -->
