<?xml version="1.0" encoding="UTF-8"?>
<!-- Generated by org.testng.reporters.JUnitReportReporter -->
<testsuite hostname="PMLDVBALAJID" failures="0" tests="3" name="com.testng.exaples.TestExample" time="0.003" errors="0" timestamp="2024-04-13T17:20:52 IST" skipped="0">
  <testcase classname="com.testng.exaples.TestExample" name="testTwo" time="0.001"/>
  <testcase classname="com.testng.exaples.TestExample" name="testOne" time="0.001"/>
  <testcase classname="com.testng.exaples.TestExample" name="testThree" time="0.001"/>
</testsuite> <!-- com.testng.exaples.TestExample -->
