<?xml version="1.0" encoding="UTF-8"?>
<!-- Generated by org.testng.reporters.JUnitReportReporter -->
<testsuite hostname="PMLDVBALAJID" failures="0" tests="1" name="com.windowHandling.practise.TestParentChildWindow" time="2.782" errors="0" timestamp="2024-05-17T11:46:51 IST" skipped="0">
  <testcase classname="com.windowHandling.practise.TestParentChildWindow" name="test_window_Handle" time="2.782"/>
</testsuite> <!-- com.windowHandling.practise.TestParentChildWindow -->
