<?xml version="1.0" encoding="UTF-8"?>
<!-- Generated by org.testng.reporters.JUnitReportReporter -->
<testsuite hostname="PMLDVBALAJID" failures="0" tests="1" name="com.streasalenium.practise.WebTableSorted" time="4.059" errors="0" timestamp="2024-04-13T16:58:51 IST" skipped="0">
  <testcase classname="com.streasalenium.practise.WebTableSorted" name="sortedWebTable" time="4.059"/>
</testsuite> <!-- com.streasalenium.practise.WebTableSorted -->
