<?xml version="1.0" encoding="UTF-8"?>
<!-- Generated by org.testng.reporters.JUnitReportReporter -->
<testsuite hostname="PMLDVBALAJID" failures="0" tests="1" name="com.buttoncaption.TestCaptionChange" time="0.006" errors="0" timestamp="2024-05-20T21:20:52 IST" skipped="0">
  <testcase classname="com.buttoncaption.TestCaptionChange" name="testDuplicateKey" time="0.006"/>
</testsuite> <!-- com.buttoncaption.TestCaptionChange -->
