<?xml version="1.0" encoding="UTF-8"?>
<!-- Generated by org.testng.reporters.JUnitReportReporter -->
<testsuite hostname="PMLDVBALAJID" failures="0" tests="3" name="com.testng.exaples.TestCase" time="0.006" errors="0" timestamp="2024-04-14T08:05:46 IST" skipped="0">
  <testcase classname="com.testng.exaples.TestCase" name="test2" time="0.004"/>
  <testcase classname="com.testng.exaples.TestCase" name="test1" time="0.001"/>
  <testcase classname="com.testng.exaples.TestCase" name="test3" time="0.001"/>
</testsuite> <!-- com.testng.exaples.TestCase -->
