<?xml version="1.0" encoding="UTF-8"?>
<!-- Generated by org.testng.reporters.JUnitReportReporter -->
<testsuite hostname="PMLDVBALAJID" failures="0" tests="3" name="com.testng.exaples.TestAnnotation" time="0.016" errors="0" timestamp="2024-04-14T08:13:36 IST" skipped="0">
  <testcase classname="com.testng.exaples.TestAnnotation" name="testAnnotation" time="0.014"/>
  <testcase classname="com.testng.exaples.TestAnnotation" name="testAnnotation" time="0.001"/>
  <testcase classname="com.testng.exaples.TestAnnotation" name="testAnnotation" time="0.001"/>
</testsuite> <!-- com.testng.exaples.TestAnnotation -->
