<?xml version="1.0" encoding="UTF-8"?>
<!-- Generated by org.testng.reporters.JUnitReportReporter -->
<testsuite hostname="PMLDVBALAJID" failures="0" tests="1" name="com.pageLoadtimeOut.DemoPageLoadTimeOut" time="4.432" errors="0" timestamp="2024-05-21T23:22:10 IST" skipped="0">
  <testcase classname="com.pageLoadtimeOut.DemoPageLoadTimeOut" name="testLoadTime" time="4.432"/>
</testsuite> <!-- com.pageLoadtimeOut.DemoPageLoadTimeOut -->
