<?xml version="1.0" encoding="UTF-8"?>
<!-- Generated by org.testng.reporters.JUnitReportReporter -->
<testsuite hostname="PMLDVBALAJID" failures="0" tests="8" name="com.testng.exaples.TestExample3" time="0.017" errors="0" timestamp="2024-05-16T19:53:35 IST" skipped="0">
  <testcase classname="com.testng.exaples.TestExample3" name="testTwo" time="0.001"/>
  <testcase classname="com.testng.exaples.TestExample3" name="testThree" time="0.001"/>
  <testcase classname="com.testng.exaples.TestExample3" name="testTwo" time="0.001"/>
  <testcase classname="com.testng.exaples.TestExample3" name="testBeforeTest" time="0.004"/>
  <testcase classname="com.testng.exaples.TestExample3" name="testBeforeTest" time="0.005"/>
  <testcase classname="com.testng.exaples.TestExample3" name="testOne" time="0.002"/>
  <testcase classname="com.testng.exaples.TestExample3" name="testThree" time="0.002"/>
  <testcase classname="com.testng.exaples.TestExample3" name="testOne" time="0.001"/>
</testsuite> <!-- com.testng.exaples.TestExample3 -->
