<?xml version="1.0" encoding="UTF-8"?>
<!-- Generated by org.testng.reporters.JUnitReportReporter -->
<testsuite hostname="PMLDVBALAJID" failures="0" tests="1" name="com.fontProperites.TestFontProperties" time="4.640" errors="0" timestamp="2024-05-16T17:31:37 IST" skipped="0">
  <testcase classname="com.fontProperites.TestFontProperties" name="testFontProperties" time="4.640"/>
</testsuite> <!-- com.fontProperites.TestFontProperties -->
