<?xml version="1.0" encoding="UTF-8"?>
<!-- Generated by org.testng.reporters.JUnitReportReporter -->
<testsuite hostname="PMLDVBALAJID" failures="0" tests="1" name="com.windowHandling.practise.TestWindowHandle" time="19.586" errors="0" timestamp="2024-05-17T12:16:58 IST" skipped="0">
  <testcase classname="com.windowHandling.practise.TestWindowHandle" name="testWindowHandles" time="19.586"/>
</testsuite> <!-- com.windowHandling.practise.TestWindowHandle -->
