<?xml version="1.0" encoding="UTF-8"?>
<!-- Generated by org.testng.reporters.JUnitReportReporter -->
<testsuite hostname="PMLDVBALAJID" failures="0" tests="1" name="com.udmey.project.practise.DropDowns" time="5.223" errors="0" timestamp="2024-04-13T16:58:51 IST" skipped="0">
  <testcase classname="com.udmey.project.practise.DropDowns" name="droupDownTest" time="5.223"/>
</testsuite> <!-- com.udmey.project.practise.DropDowns -->
