<?xml version="1.0" encoding="UTF-8"?>
<!-- Generated by org.testng.reporters.JUnitReportReporter -->
<testsuite hostname="DESKTOP-JUC4I42" failures="0" tests="2" name="com.testng.parameter.exaples.TestExample3" time="0.008" errors="0" timestamp="2024-05-22T21:49:32 PDT" skipped="0">
  <testcase classname="com.testng.parameter.exaples.TestExample3" name="testBeforeTest" time="0.007"/>
  <testcase classname="com.testng.parameter.exaples.TestExample3" name="testOne" time="0.001"/>
</testsuite> <!-- com.testng.parameter.exaples.TestExample3 -->
